# JRE version: OpenJDK Runtime Environment (8.0_242-b08) (build 1.8.0_242-8u242-b08-0ubuntu3~16.04-b08)
# Java VM: OpenJDK 64-Bit Server VM (25.242-b08 mixed mode linux-amd64 compressed oops)
Heap:
 PSYoungGen      total 348160K, used 13800K [0x00000000d7800000, 0x00000000eee00000, 0x0000000100000000)
  eden space 334336K, 0% used [0x00000000d7800000,0x00000000d7800000,0x00000000ebe80000)
  from space 13824K, 99% used [0x00000000ebe80000,0x00000000ecbfa158,0x00000000ecc00000)
  to   space 11264K, 0% used [0x00000000ecc00000,0x00000000ecc00000,0x00000000ed700000)
 ParOldGen       total 67072K, used 20696K [0x0000000086800000, 0x000000008a980000, 0x00000000d7800000)
  object space 67072K, 30% used [0x0000000086800000,0x0000000087c36088,0x000000008a980000)
 Metaspace       used 40282K, capacity 42320K, committed 42584K, reserved 1085440K
  class space    used 5264K, capacity 5666K, committed 5760K, reserved 1048576K
GC Heap History (10 events):
Event: 16.588 GC heap after
Heap after GC invocations=8 (full 1):
 PSYoungGen      total 133632K, used 0K [0x00000000d7800000, 0x00000000e7d00000, 0x0000000100000000)
  eden space 123904K, 0% used [0x00000000d7800000,0x00000000d7800000,0x00000000df100000)
  from space 9728K, 0% used [0x00000000df100000,0x00000000df100000,0x00000000dfa80000)
  to   space 9728K, 0% used [0x00000000e7380000,0x00000000e7380000,0x00000000e7d00000)
 ParOldGen       total 46592K, used 7428K [0x0000000086800000, 0x0000000089580000, 0x00000000d7800000)
  object space 46592K, 15% used [0x0000000086800000,0x0000000086f41148,0x0000000089580000)
 Metaspace       used 20555K, capacity 21104K, committed 21248K, reserved 1067008K
  class space    used 2575K, capacity 2725K, committed 2816K, reserved 1048576K
}
Event: 27.721 GC heap before
{Heap before GC invocations=9 (full 1):
 PSYoungGen      total 133632K, used 123904K [0x00000000d7800000, 0x00000000e7d00000, 0x0000000100000000)
  eden space 123904K, 100% used [0x00000000d7800000,0x00000000df100000,0x00000000df100000)
  from space 9728K, 0% used [0x00000000df100000,0x00000000df100000,0x00000000dfa80000)
  to   space 9728K, 0% used [0x00000000e7380000,0x00000000e7380000,0x00000000e7d00000)
 ParOldGen       total 46592K, used 7428K [0x0000000086800000, 0x0000000089580000, 0x00000000d7800000)
  object space 46592K, 15% used [0x0000000086800000,0x0000000086f41148,0x0000000089580000)
 Metaspace       used 24157K, capacity 25052K, committed 25216K, reserved 1071104K
  class space    used 3128K, capacity 3337K, committed 3456K, reserved 1048576K
Event: 27.739 GC heap after
Heap after GC invocations=9 (full 1):
 PSYoungGen      total 235008K, used 6682K [0x00000000d7800000, 0x00000000e7a80000, 0x0000000100000000)
  eden space 227840K, 0% used [0x00000000d7800000,0x00000000d7800000,0x00000000e5680000)
  from space 7168K, 93% used [0x00000000e7380000,0x00000000e7a069e8,0x00000000e7a80000)
  to   space 9728K, 0% used [0x00000000e6780000,0x00000000e6780000,0x00000000e7100000)
 ParOldGen       total 46592K, used 7436K [0x0000000086800000, 0x0000000089580000, 0x00000000d7800000)
  object space 46592K, 15% used [0x0000000086800000,0x0000000086f43148,0x0000000089580000)
 Metaspace       used 24157K, capacity 25052K, committed 25216K, reserved 1071104K
  class space    used 3128K, capacity 3337K, committed 3456K, reserved 1048576K
}
Event: 44.435 GC heap before
{Heap before GC invocations=10 (full 1):
 PSYoungGen      total 235008K, used 234522K [0x00000000d7800000, 0x00000000e7a80000, 0x0000000100000000)
  eden space 227840K, 100% used [0x00000000d7800000,0x00000000e5680000,0x00000000e5680000)
  from space 7168K, 93% used [0x00000000e7380000,0x00000000e7a069e8,0x00000000e7a80000)
  to   space 9728K, 0% used [0x00000000e6780000,0x00000000e6780000,0x00000000e7100000)
 ParOldGen       total 46592K, used 7436K [0x0000000086800000, 0x0000000089580000, 0x00000000d7800000)
  object space 46592K, 15% used [0x0000000086800000,0x0000000086f43148,0x0000000089580000)
 Metaspace       used 26740K, capacity 27818K, committed 28032K, reserved 1073152K
  class space    used 3454K, capacity 3703K, committed 3712K, reserved 1048576K
Event: 44.450 GC heap after
Heap after GC invocations=10 (full 1):
 PSYoungGen      total 254976K, used 9699K [0x00000000d7800000, 0x00000000ed700000, 0x0000000100000000)
  eden space 245248K, 0% used [0x00000000d7800000,0x00000000d7800000,0x00000000e6780000)
  from space 9728K, 99% used [0x00000000e6780000,0x00000000e70f8db0,0x00000000e7100000)
  to   space 11264K, 0% used [0x00000000ecc00000,0x00000000ecc00000,0x00000000ed700000)
 ParOldGen       total 46592K, used 8320K [0x0000000086800000, 0x0000000089580000, 0x00000000d7800000)
  object space 46592K, 17% used [0x0000000086800000,0x0000000087020268,0x0000000089580000)
 Metaspace       used 26740K, capacity 27818K, committed 28032K, reserved 1073152K
  class space    used 3454K, capacity 3703K, committed 3712K, reserved 1048576K
}
Event: 100.544 GC heap before
{Heap before GC invocations=11 (full 1):
 PSYoungGen      total 254976K, used 221835K [0x00000000d7800000, 0x00000000ed700000, 0x0000000100000000)
  eden space 245248K, 86% used [0x00000000d7800000,0x00000000e472a140,0x00000000e6780000)
  from space 9728K, 99% used [0x00000000e6780000,0x00000000e70f8db0,0x00000000e7100000)
  to   space 11264K, 0% used [0x00000000ecc00000,0x00000000ecc00000,0x00000000ed700000)
 ParOldGen       total 46592K, used 8320K [0x0000000086800000, 0x0000000089580000, 0x00000000d7800000)
  object space 46592K, 17% used [0x0000000086800000,0x0000000087020268,0x0000000089580000)
 Metaspace       used 33673K, capacity 35180K, committed 35416K, reserved 1079296K
  class space    used 4386K, capacity 4706K, committed 4736K, reserved 1048576K
Event: 100.745 GC heap after
Heap after GC invocations=11 (full 1):
 PSYoungGen      total 345600K, used 11246K [0x00000000d7800000, 0x00000000eee00000, 0x0000000100000000)
  eden space 334336K, 0% used [0x00000000d7800000,0x00000000d7800000,0x00000000ebe80000)
  from space 11264K, 99% used [0x00000000ecc00000,0x00000000ed6fb840,0x00000000ed700000)
  to   space 13824K, 0% used [0x00000000ebe80000,0x00000000ebe80000,0x00000000ecc00000)
 ParOldGen       total 46592K, used 12622K [0x0000000086800000, 0x0000000089580000, 0x00000000d7800000)
  object space 46592K, 27% used [0x0000000086800000,0x0000000087453ad0,0x0000000089580000)
 Metaspace       used 33673K, capacity 35180K, committed 35416K, reserved 1079296K
  class space    used 4386K, capacity 4706K, committed 4736K, reserved 1048576K
}
Event: 100.745 GC heap before
{Heap before GC invocations=12 (full 2):
 PSYoungGen      total 345600K, used 11246K [0x00000000d7800000, 0x00000000eee00000, 0x0000000100000000)
  eden space 334336K, 0% used [0x00000000d7800000,0x00000000d7800000,0x00000000ebe80000)
  from space 11264K, 99% used [0x00000000ecc00000,0x00000000ed6fb840,0x00000000ed700000)
  to   space 13824K, 0% used [0x00000000ebe80000,0x00000000ebe80000,0x00000000ecc00000)
 ParOldGen       total 46592K, used 12622K [0x0000000086800000, 0x0000000089580000, 0x00000000d7800000)
  object space 46592K, 27% used [0x0000000086800000,0x0000000087453ad0,0x0000000089580000)
 Metaspace       used 33673K, capacity 35180K, committed 35416K, reserved 1079296K
  class space    used 4386K, capacity 4706K, committed 4736K, reserved 1048576K
Event: 101.091 GC heap after
Heap after GC invocations=12 (full 2):
 PSYoungGen      total 345600K, used 0K [0x00000000d7800000, 0x00000000eee00000, 0x0000000100000000)
  eden space 334336K, 0% used [0x00000000d7800000,0x00000000d7800000,0x00000000ebe80000)
  from space 11264K, 0% used [0x00000000ecc00000,0x00000000ecc00000,0x00000000ed700000)
  to   space 13824K, 0% used [0x00000000ebe80000,0x00000000ebe80000,0x00000000ecc00000)
 ParOldGen       total 67072K, used 19923K [0x0000000086800000, 0x000000008a980000, 0x00000000d7800000)
  object space 67072K, 29% used [0x0000000086800000,0x0000000087b74e28,0x000000008a980000)
 Metaspace       used 33673K, capacity 35180K, committed 35416K, reserved 1079296K
  class space    used 4386K, capacity 4706K, committed 4736K, reserved 1048576K
}
Event: 231.220 GC heap before
{Heap before GC invocations=13 (full 2):
 PSYoungGen      total 345600K, used 334336K [0x00000000d7800000, 0x00000000eee00000, 0x0000000100000000)
  eden space 334336K, 100% used [0x00000000d7800000,0x00000000ebe80000,0x00000000ebe80000)
  from space 11264K, 0% used [0x00000000ecc00000,0x00000000ecc00000,0x00000000ed700000)
  to   space 13824K, 0% used [0x00000000ebe80000,0x00000000ebe80000,0x00000000ecc00000)
 ParOldGen       total 67072K, used 19923K [0x0000000086800000, 0x000000008a980000, 0x00000000d7800000)
  object space 67072K, 29% used [0x0000000086800000,0x0000000087b74e28,0x000000008a980000)
 Metaspace       used 40282K, capacity 42320K, committed 42584K, reserved 1085440K
  class space    used 5264K, capacity 5666K, committed 5760K, reserved 1048576K

